[Licensing::Module] Trying to connect to existing licensing client channel...
Built from '6000.2/respin/6000.2.6f2-cc51a95c03' branch; Version is '6000.2.6f2 (4a4dcaec6541) revision 4869578'; Using compiler version '194234433'; Build Type 'Release'
[Licensing::IpcConnector] Successfully connected to: "LicenseClient-24244" at "2025-10-16T21:35:16.2197585Z"
OS: 'Windows 11  (10.0.26100) 64bit Professional' Language: 'ru' Physical Memory: 65461 MB
BatchMode: 1, IsHumanControllingUs: 0, StartBugReporterOnCrash: 0, Is64bit: 1
Date: 2025-10-16T21:35:16Z

COMMAND LINE ARGUMENTS:
C:\Program Files\Unity\Hub\Editor\6000.2.6f2\Editor\Unity.exe
-adb2
-batchMode
-noUpm
-name
AssetImportWorker0
-projectPath
D:/SichuanDynasty-develop/SichuanDynasty-develop
-logFile
Logs/AssetImportWorker0.log
-srvPort
59517
-licensingIpc
LicenseClient-24244
-job-worker-count
5
-background-job-worker-count
8
-gc-helper-count
1
-name
AssetImport
Successfully changed project path to: D:/SichuanDynasty-develop/SichuanDynasty-develop
D:/SichuanDynasty-develop/SichuanDynasty-develop
[UnityMemory] Configuration Parameters - Can be set up in boot.config
    "memorysetup-allocator-temp-initial-block-size-main=262144"
    "memorysetup-allocator-temp-initial-block-size-worker=262144"
    "memorysetup-bucket-allocator-granularity=16"
    "memorysetup-bucket-allocator-bucket-count=8"
    "memorysetup-bucket-allocator-block-size=33554432"
    "memorysetup-bucket-allocator-block-count=8"
    "memorysetup-main-allocator-block-size=16777216"
    "memorysetup-thread-allocator-block-size=16777216"
    "memorysetup-gfx-main-allocator-block-size=16777216"
    "memorysetup-gfx-thread-allocator-block-size=16777216"
    "memorysetup-cache-allocator-block-size=4194304"
    "memorysetup-typetree-allocator-block-size=2097152"
    "memorysetup-profiler-bucket-allocator-granularity=16"
    "memorysetup-profiler-bucket-allocator-bucket-count=8"
    "memorysetup-profiler-bucket-allocator-block-size=33554432"
    "memorysetup-profiler-bucket-allocator-block-count=8"
    "memorysetup-profiler-allocator-block-size=16777216"
    "memorysetup-profiler-editor-allocator-block-size=1048576"
    "memorysetup-temp-allocator-size-main=16777216"
    "memorysetup-job-temp-allocator-block-size=2097152"
    "memorysetup-job-temp-allocator-block-size-background=1048576"
    "memorysetup-job-temp-allocator-reduction-small-platforms=262144"
    "memorysetup-temp-allocator-size-background-worker=32768"
    "memorysetup-temp-allocator-size-job-worker=262144"
    "memorysetup-temp-allocator-size-preload-manager=33554432"
    "memorysetup-temp-allocator-size-nav-mesh-worker=65536"
    "memorysetup-temp-allocator-size-audio-worker=65536"
    "memorysetup-temp-allocator-size-cloud-worker=32768"
    "memorysetup-temp-allocator-size-gi-baking-worker=262144"
    "memorysetup-temp-allocator-size-gi-baking-worker=262144"
    "memorysetup-temp-allocator-size-gi-baking-worker=262144"
    "memorysetup-temp-allocator-size-gi-baking-worker=262144"
    "memorysetup-temp-allocator-size-gi-baking-worker=262144"
    "memorysetup-temp-allocator-size-gfx=262144"
Player connection [21876]  Target information:

Player connection [21876]  * "[IP] 192.168.0.100 [Port] 0 [Flags] 2 [Guid] 2972083791 [EditorId] 2972083791 [Version] 1048832 [Id] WindowsEditor(7,DESKTOP-5FE3POQ) [Debug] 1 [PackageName] WindowsEditor [ProjectName] Editor" 

Player connection [21876] Host joined multi-casting on [225.0.0.222:54997]...
Player connection [21876] Host joined alternative multi-casting on [225.0.0.222:34997]...
JobSystem: Creating JobQueue using job-worker-count value 5
Input System module state changed to: Initialized.
[Physics::Module] Initialized fallback backend.
[Physics::Module] Id: 0xdecafbad
[Licensing::Client] Code 10 while verifying Licensing Client signature (process Id: 15496, path: "C:/Program Files/Unity Hub/UnityLicensingClient_V1/Unity.Licensing.Client.exe")
[Licensing::Module] LicensingClient has failed validation; ignoring
[Licensing::Client] Handshaking with LicensingClient:
  Version:                 1.17.3+a4e98f1
  Session Id:              87ee76a2799745a0a836082640526b7c
  Correlation Id:          70b8d212e74c870a2fce2aa481c83c75
  External correlation Id: 1545059333358753270
  Machine Id:              IU9T5TyaiZV5POw7C/n0+KHmkXA=
[Licensing::Module] Successfully connected to LicensingClient on channel: "LicenseClient-24244" (connect: 0.00s, validation: 0.00s, handshake: 0.11s)
[Licensing::IpcConnector] Successfully connected to: "LicenseClient-24244-notifications" at "2025-10-16T21:35:16.3320757Z"
[Licensing::Module] Licensing Background thread has ended after 0.11s
Library Redirect Path: Library/
[Physics::Module] Selected backend.
[Physics::Module] Name: PhysX
[Physics::Module] Id: 0xf2b8ea05
[Physics::Module] SDK Version: 4.1.2
[Physics::Module] Integration Version: 1.0.0
[Physics::Module] Threading Mode: Multi-Threaded
ETC Legacy compression has been deprecated and will be removed in a future release. You can review compressors in "Project Settings > Editor > Texture Compressors".
Refreshing native plugins compatible for Editor in 48.16 ms, found 2 plugins.
Preloading 0 native plugins for Editor in 0.00 ms.
Initialize engine version: 6000.2.6f2 (4a4dcaec6541)
[Subsystems] Discovering subsystems at path C:/Program Files/Unity/Hub/Editor/6000.2.6f2/Editor/Data/Resources/UnitySubsystems
[Subsystems] Discovering subsystems at path D:/SichuanDynasty-develop/SichuanDynasty-develop/Assets
GfxDevice: creating device client; kGfxThreadingModeNonThreaded
Direct3D:
    Version:  Direct3D 11.0 [level 11.1]
    Renderer: Radeon RX 580 Series (ID=0x67df)
    Vendor:   ATI
    VRAM:     8135 MB
    Driver:   31.0.21921.1000
Initialize mono
Mono path[0] = 'C:/Program Files/Unity/Hub/Editor/6000.2.6f2/Editor/Data/Managed'
Mono path[1] = 'C:/Program Files/Unity/Hub/Editor/6000.2.6f2/Editor/Data/MonoBleedingEdge/lib/mono/unityjit-win32'
Mono config path = 'C:/Program Files/Unity/Hub/Editor/6000.2.6f2/Editor/Data/MonoBleedingEdge/etc'
Using monoOptions --debugger-agent=transport=dt_socket,embedding=1,server=y,suspend=n,address=127.0.0.1:56496
Begin MonoManager ReloadAssembly
Registering precompiled unity dll's ...
Register platform support module: C:/Program Files/Unity/Hub/Editor/6000.2.6f2/Editor/Data/PlaybackEngines/WebGLSupport/UnityEditor.WebGL.Extensions.dll
Register platform support module: C:/Program Files/Unity/Hub/Editor/6000.2.6f2/Editor/Data/PlaybackEngines/WindowsStandaloneSupport/UnityEditor.WindowsStandalone.Extensions.dll
Registered in 0.321305 seconds.
- Loaded All Assemblies, in 10.053 seconds
Native extension for WindowsStandalone target not found
Native extension for WebGL target not found
Mono: successfully reloaded assembly
- Finished resetting the current domain, in  0.364 seconds
Domain Reload Profiling: 10414ms
	BeginReloadAssembly (7960ms)
		ExecutionOrderSort (0ms)
		DisableScriptedObjects (0ms)
		BackupInstance (0ms)
		ReleaseScriptingObjects (0ms)
		CreateAndSetChildDomain (1ms)
	RebuildCommonClasses (485ms)
	RebuildNativeTypeToScriptingClass (11ms)
	initialDomainReloadingComplete (368ms)
	LoadAllAssembliesAndSetupDomain (1224ms)
		LoadAssemblies (7963ms)
		RebuildTransferFunctionScriptingTraits (0ms)
		AnalyzeDomain (1215ms)
			TypeCache.Refresh (1213ms)
				TypeCache.ScanAssembly (941ms)
			BuildScriptInfoCaches (0ms)
			ResolveRequiredComponents (1ms)
	FinalizeReload (365ms)
		ReleaseScriptCaches (0ms)
		RebuildScriptCaches (0ms)
		SetupLoadedEditorAssemblies (325ms)
			LogAssemblyErrors (0ms)
			InitializePlatformSupportModulesInManaged (54ms)
			SetLoadedEditorAssemblies (6ms)
			BeforeProcessingInitializeOnLoad (71ms)
			ProcessInitializeOnLoadAttributes (142ms)
			ProcessInitializeOnLoadMethodAttributes (52ms)
			AfterProcessingInitializeOnLoad (0ms)
			EditorAssembliesLoaded (0ms)
		ExecutionOrderSort2 (0ms)
		AwakeInstancesAfterBackupRestoration (0ms)
========================================================================
Worker process is ready to serve import requests
Import Worker Mode flag is 0x00
Begin MonoManager ReloadAssembly
[Licensing::Client] Successfully resolved entitlement details
[Licensing::Module] License group:
  Id: F4-6E96-8P8R-7KZ2-WWTG-XXXX
  Product: Unity Personal
  Type: ULF
  Expiration: Unlimited
[Licensing::Module] License group:
  Id: 10170619301686-UnityPersXXXX
  Product: Unity Personal
  Type: Assigned
  Expiration: Unlimited
- Loaded All Assemblies, in  5.665 seconds
Refreshing native plugins compatible for Editor in 0.83 ms, found 2 plugins.
Native extension for WindowsStandalone target not found
Native extension for WebGL target not found
Package Manager log level set to [2]
[Package Manager] Failed to launch server process. Reason: Unity was launched with the -noUpm command-line argument
[Package Manager] Unable to send message (not connected to server process).
[Package Manager] Cannot connect to Unity Package Manager local server
Mono: successfully reloaded assembly
- Finished resetting the current domain, in  0.758 seconds
Domain Reload Profiling: 6417ms
	BeginReloadAssembly (183ms)
		ExecutionOrderSort (0ms)
		DisableScriptedObjects (8ms)
		BackupInstance (0ms)
		ReleaseScriptingObjects (0ms)
		CreateAndSetChildDomain (33ms)
	RebuildCommonClasses (34ms)
	RebuildNativeTypeToScriptingClass (14ms)
	initialDomainReloadingComplete (36ms)
	LoadAllAssembliesAndSetupDomain (5391ms)
		LoadAssemblies (5137ms)
		RebuildTransferFunctionScriptingTraits (0ms)
		AnalyzeDomain (352ms)
			TypeCache.Refresh (335ms)
				TypeCache.ScanAssembly (327ms)
			BuildScriptInfoCaches (12ms)
			ResolveRequiredComponents (2ms)
	FinalizeReload (758ms)
		ReleaseScriptCaches (0ms)
		RebuildScriptCaches (0ms)
		SetupLoadedEditorAssemblies (662ms)
			LogAssemblyErrors (0ms)
			InitializePlatformSupportModulesInManaged (3ms)
			SetLoadedEditorAssemblies (4ms)
			BeforeProcessingInitializeOnLoad (144ms)
			ProcessInitializeOnLoadAttributes (474ms)
			ProcessInitializeOnLoadMethodAttributes (28ms)
			AfterProcessingInitializeOnLoad (9ms)
			EditorAssembliesLoaded (0ms)
		ExecutionOrderSort2 (0ms)
		AwakeInstancesAfterBackupRestoration (5ms)
ETC Legacy compression has been deprecated and will be removed in a future release. You can review compressors in "Project Settings > Editor > Texture Compressors".
Launched and connected shader compiler UnityShaderCompiler.exe after 0.03 seconds
Refreshing native plugins compatible for Editor in 1.04 ms, found 2 plugins.
Preloading 0 native plugins for Editor in 0.00 ms.
Unloading 1 Unused Serialized files (Serialized files now loaded: 0)
Unloading 1900 unused Assets / (0.6 MB). Loaded Objects now: 2417.
Memory consumption went from 69.6 MB to 69.0 MB.
Total: 5.978300 ms (FindLiveObjects: 0.212500 ms CreateObjectMapping: 0.162700 ms MarkObjects: 5.082600 ms  DeleteObjects: 0.519700 ms)

========================================================================
Received Import Request.
  Time since last request: 90217.349464 seconds.
  path: Assets/Sprites/card_back_toy_pink.png
  artifactKey: Guid(e97de7f0d3ccdc24e80755bd7c18e1f6) Importer(815301076,1909f56bfc062723c751e8b465ee728b)
Start importing Assets/Sprites/card_back_toy_pink.png using Guid(e97de7f0d3ccdc24e80755bd7c18e1f6) Importer(815301076,1909f56bfc062723c751e8b465ee728b) (PreviewImporter) -> (artifact id: '332140dc78b6f88986e04a1cd5c0facb') in 0.0949942 seconds
Number of updated asset objects reloaded before import = 0Number of asset objects unloaded after import = 3

========================================================================
Received Import Request.
  Time since last request: 0.000018 seconds.
  path: Assets/Sprites/icon_heal_gift.png
  artifactKey: Guid(2ab1a4875116fb74f8c5600cc3b94a41) Importer(815301076,1909f56bfc062723c751e8b465ee728b)
Start importing Assets/Sprites/icon_heal_gift.png using Guid(2ab1a4875116fb74f8c5600cc3b94a41) Importer(815301076,1909f56bfc062723c751e8b465ee728b) (PreviewImporter) -> (artifact id: '410126b600929a6a91d0c5920c61800f') in 0.0217844 seconds
Number of updated asset objects reloaded before import = 0Number of asset objects unloaded after import = 3

========================================================================
Received Import Request.
  Time since last request: 12.738216 seconds.
  path: Assets/Res/sprites/LAYOUT [Recovered]-34.png
  artifactKey: Guid(55e4a806c5df0354da468608901c495f) Importer(815301076,1909f56bfc062723c751e8b465ee728b)
Start importing Assets/Res/sprites/LAYOUT [Recovered]-34.png using Guid(55e4a806c5df0354da468608901c495f) Importer(815301076,1909f56bfc062723c751e8b465ee728b) (PreviewImporter) -> (artifact id: '0c8a18580c4a353a800bb2ccbe2a5fd4') in 0.0177383 seconds
Number of updated asset objects reloaded before import = 0Number of asset objects unloaded after import = 3

========================================================================
Received Import Request.
  Time since last request: 6.424873 seconds.
  path: Assets/Res/sprites/1 Main menu/LAYOUT [Recovered]-01.png
  artifactKey: Guid(6a454589bc971744ab24e1d669642df1) Importer(815301076,1909f56bfc062723c751e8b465ee728b)
Start importing Assets/Res/sprites/1 Main menu/LAYOUT [Recovered]-01.png using Guid(6a454589bc971744ab24e1d669642df1) Importer(815301076,1909f56bfc062723c751e8b465ee728b) (PreviewImporter) -> (artifact id: '286998d1b2bf92036a8b0e084f73a1d6') in 0.0399334 seconds
Number of updated asset objects reloaded before import = 0Number of asset objects unloaded after import = 3

========================================================================
Received Import Request.
  Time since last request: 0.019292 seconds.
  path: Assets/Res/sprites/1 Main menu/LAYOUT [Recovered]-28.png
  artifactKey: Guid(e7416d8e441179c48a4c17e9d6d85624) Importer(815301076,1909f56bfc062723c751e8b465ee728b)
Start importing Assets/Res/sprites/1 Main menu/LAYOUT [Recovered]-28.png using Guid(e7416d8e441179c48a4c17e9d6d85624) Importer(815301076,1909f56bfc062723c751e8b465ee728b) (PreviewImporter) -> (artifact id: '41718c4d6dd87838c8ed31f5c1c95ee7') in 0.0115258 seconds
Number of updated asset objects reloaded before import = 0Number of asset objects unloaded after import = 3

========================================================================
Received Import Request.
  Time since last request: 0.063731 seconds.
  path: Assets/Res/sprites/1 Main menu/LAYOUT [Recovered]-35.png
  artifactKey: Guid(5bff47539ef35a54e879b52e39605ca3) Importer(815301076,1909f56bfc062723c751e8b465ee728b)
Start importing Assets/Res/sprites/1 Main menu/LAYOUT [Recovered]-35.png using Guid(5bff47539ef35a54e879b52e39605ca3) Importer(815301076,1909f56bfc062723c751e8b465ee728b) (PreviewImporter) -> (artifact id: 'e72ffb96ca8610790fc3b2e9c6b6b182') in 0.0314938 seconds
Number of updated asset objects reloaded before import = 0Number of asset objects unloaded after import = 3

========================================================================
Received Import Request.
  Time since last request: 5841.872744 seconds.
  path: Assets/Scene/level.unity
  artifactKey: Guid(caa645d5f6312c24abd9d106cb552697) Importer(2089858483,192608db42251d675da83286b1cce702)
Start importing Assets/Scene/level.unity using Guid(caa645d5f6312c24abd9d106cb552697) Importer(2089858483,192608db42251d675da83286b1cce702) (ScriptedImporter) -> (artifact id: 'b1b00f0fe337acccb5666bb8d373ea68') in 0.0773003 seconds
Number of updated asset objects reloaded before import = 0Number of asset objects unloaded after import = 1

========================================================================
Received Import Request.
  Time since last request: 0.000069 seconds.
  path: Assets/UI/Presets/Button.prefab
  artifactKey: Guid(6ba27adecb47f3449ba314050c44f281) Importer(2089858483,192608db42251d675da83286b1cce702)
Start importing Assets/UI/Presets/Button.prefab using Guid(6ba27adecb47f3449ba314050c44f281) Importer(2089858483,192608db42251d675da83286b1cce702) (ScriptedImporter) -> (artifact id: '631ebc3a0c48e329c7e6740743675090') in 0.2227855 seconds
Number of updated asset objects reloaded before import = 0Number of asset objects unloaded after import = 31

========================================================================
Received Import Request.
  Time since last request: 0.000017 seconds.
  path: Assets/Sprites
  artifactKey: Guid(3915a91d302c6c54cae563abac723ed7) Importer(2089858483,192608db42251d675da83286b1cce702)
Start importing Assets/Sprites using Guid(3915a91d302c6c54cae563abac723ed7) Importer(2089858483,192608db42251d675da83286b1cce702) (ScriptedImporter) -> (artifact id: '40c1d68747aa9bd1da9a7a0ccbbff3a7') in 0.0114502 seconds
Number of updated asset objects reloaded before import = 0Number of asset objects unloaded after import = 1

========================================================================
Received Import Request.
  Time since last request: 0.000046 seconds.
  path: Assets/Resources/DOTweenSettings.asset
  artifactKey: Guid(057f456f09ec53f4fb029e46da5f3b1b) Importer(2089858483,192608db42251d675da83286b1cce702)
Start importing Assets/Resources/DOTweenSettings.asset using Guid(057f456f09ec53f4fb029e46da5f3b1b) Importer(2089858483,192608db42251d675da83286b1cce702) (ScriptedImporter) -> (artifact id: '3c8573b9bcdbcd2f6fd46355a545a562') in 0.0339497 seconds
Number of updated asset objects reloaded before import = 0Number of asset objects unloaded after import = 1

========================================================================
Received Import Request.
  Time since last request: 0.000033 seconds.
  path: Assets/Fonts/Noto_Sans,Nunito,Russo_One/Russo_One/RussoOne-Regular SDF.asset
  artifactKey: Guid(2dd7c3565f727c3419b55747aafd12e9) Importer(2089858483,192608db42251d675da83286b1cce702)
Start importing Assets/Fonts/Noto_Sans,Nunito,Russo_One/Russo_One/RussoOne-Regular SDF.asset using Guid(2dd7c3565f727c3419b55747aafd12e9) Importer(2089858483,192608db42251d675da83286b1cce702) (ScriptedImporter) -> (artifact id: '3402f6609a70740f365016a451146007') in 0.0844104 seconds
Number of updated asset objects reloaded before import = 0Number of asset objects unloaded after import = 10

========================================================================
Received Import Request.
  Time since last request: 0.000014 seconds.
  path: Assets/Fonts/Noto_Sans,Nunito,Russo_One/Nunito/Nunito-VariableFont_wght SDF.asset
  artifactKey: Guid(fcb92b1838306ba4a9f2a5cd8fe334b7) Importer(2089858483,192608db42251d675da83286b1cce702)
Start importing Assets/Fonts/Noto_Sans,Nunito,Russo_One/Nunito/Nunito-VariableFont_wght SDF.asset using Guid(fcb92b1838306ba4a9f2a5cd8fe334b7) Importer(2089858483,192608db42251d675da83286b1cce702) (ScriptedImporter) -> (artifact id: '5239f2c625edafcc68e98c9721f84c2b') in 0.0579696 seconds
Number of updated asset objects reloaded before import = 0Number of asset objects unloaded after import = 10

Editor requested this worker to shutdown with reason: Scaling down because of idle timeout
AssetImportWorker is now disconnected from the server
Process exiting
Exiting without the bug reporter. Application will terminate with return code 0